<?xml version="1.0" encoding="UTF-8"?>
<testng-results ignored="0" total="1" passed="1" failed="0" skipped="0">
  <reporter-output>
  </reporter-output>
  <suite started-at="2021-11-24T16:18:55 IST" name="Default suite" finished-at="2021-11-24T16:18:55 IST" duration-ms="607">
    <groups>
    </groups>
    <test started-at="2021-11-24T16:18:55 IST" name="Default test" finished-at="2021-11-24T16:18:55 IST" duration-ms="607">
      <class name="Mav_Mav.Data_Driver.Retry_Assert">
        <test-method signature="userValidation()[pri:0, instance:Mav_Mav.Data_Driver.Retry_Assert@140c9f39]" started-at="2021-11-24T16:18:55 IST" name="userValidation" finished-at="2021-11-24T16:18:55 IST" duration-ms="133" status="PASS">
          <reporter-output>
          </reporter-output>
        </test-method> <!-- userValidation -->
      </class> <!-- Mav_Mav.Data_Driver.Retry_Assert -->
    </test> <!-- Default test -->
  </suite> <!-- Default suite -->
</testng-results>
